<?xml version="1.0" encoding="UTF-8"?>
<!-- Generated by org.testng.reporters.JUnitReportReporter -->
<testsuite hostname="LTIN592365" failures="0" tests="7" name="testngProject.saucedemowebsite" time="9.526" errors="0" timestamp="2025-12-23T19:48:23 IST" skipped="0">
  <testcase classname="testngProject.saucedemowebsite" name="LaunchApp" time="8.196"/>
  <testcase classname="testngProject.saucedemowebsite" name="LoginPage" time="0.290"/>
  <testcase classname="testngProject.saucedemowebsite" name="getProductDetails" time="0.435"/>
  <testcase classname="testngProject.saucedemowebsite" name="ATCButton" time="0.128"/>
  <testcase classname="testngProject.saucedemowebsite" name="personalDetails" time="0.292"/>
  <testcase classname="testngProject.saucedemowebsite" name="clickOnFinish" time="0.064"/>
  <testcase classname="testngProject.saucedemowebsite" name="confirmMsg" time="0.121"/>
</testsuite> <!-- testngProject.saucedemowebsite -->
