<?xml version="1.0" encoding="UTF-8"?>
<!-- Generated by org.testng.reporters.JUnitXMLReporter -->
<testsuite ignored="0" hostname="LTIN592365" failures="0" tests="6" name="Default test" time="106.106" errors="0" timestamp="2025-12-26T17:37:52 IST">
  <testcase classname="testngProject.automationExerciseWebsite" name="clickLogin" time="6.067"/>
  <testcase classname="testngProject.automationExerciseWebsite" name="verifyNewUserSignup" time="5.705"/>
  <testcase classname="testngProject.automationExerciseWebsite" name="AccInfoPage" time="7.36"/>
  <testcase classname="testngProject.automationExerciseWebsite" name="verifyAccCreatedMsg" time="43.973"/>
  <testcase classname="testngProject.automationExerciseWebsite" name="deleteAcc" time="28.438"/>
  <testcase classname="testngProject.automationExerciseWebsite" name="verifyNavigateHomePage" time="0.033"/>
</testsuite> <!-- Default test -->
